[2026-05-10] e2cce08 Initial commit: RV8 requirements and ISA design (Phase 1-2 complete)
[2026-05-11] 36f7f2a RV8 v5: Apply genius tricks (direct-encode, fetch overlap, const-gen, conditional skip) - 20 CPU chips, 68 instructions, ~873 gates, 1.5M instr/sec
[2026-05-11] 5d3b432 Add RV801 ultra-minimal spec (8 chips, same ISA as RV8)
[2026-05-11] 313b1f3 Final Phase 1-2: RV8 (20 chips) + RV801-A (8 chips, EEPROM) + RV801-B (9 chips, hardwired). Ready for Phase 3.
[2026-05-11] 397876f Phase 3: Architecture Design - datapath, FSM, timing, chip mapping, bus protocol
[2026-05-11] 35a299e Phase 3: Verify architecture - fix 3 critical + 4 high issues, revised to 21 CPU chips
[2026-05-11] c404c4e Phase 3: 2nd-pass verification - fix ptr+ (161 counters), register separation, skip+interrupt. Final: 23 CPU chips
[2026-05-11] 986e492 Phase 4: Verilog implementation - ALU, regfile, PC, pointer, control, top-level (compiles clean)
[2026-05-11] b49ac99 Phase 5: Testbench - 6 tests, compiles and runs. Boot sequence needs refinement (halts early).
[2026-05-11] 2660cd7 Phase 4-5 COMPLETE: All 9 tests pass! CPU executes LI, ADDI, SUBI, BNE loop, SB/LB ptr, ptr+ auto-increment, CLC/SEC
[2026-05-11] 7f186b1 Add clean ISA reference (05_isa_reference.md) matching working Verilog - source of truth
[2026-05-11] 2925e67 30 tests ALL PASS: ALU reg(6), ALU imm(7), shift/unary(6), pointer(2), branch(2), store/load(3), system(4)
[2026-05-11] 8d13ee3 37 tests ALL PASS: +SKIP, PUSH/POP, JMP, JAL/RET, zero-page, ROL. Fixed skip encoding.
[2026-05-11] 2144be5 43 tests ALL PASS: +ROR, ADC, MOV, sp+imm, NOP, IRQ wake from HLT. Full instruction coverage.
[2026-05-11] 34c51c9 62 tests ALL PASS: Full ISA coverage - SBC, BEQ/BCS/BCC/BMI/BPL, SKIPC/SKIPNC, DEC16/ADD16, EI/DI, ROR, BRA, MOV, sp+imm, LI all regs, IRQ
[2026-05-11] 963b227 66 tests ALL PASS: +constant generator (c1/cn/ch), NMI interrupt, fixed const_sel bits. Complete ISA verified.
[2026-05-11] ba99eb9 69 tests ALL PASS: +TRAP, RTI, NMI, constant generator. COMPLETE ISA - every instruction verified.
[2026-05-11] 43422a6 Add synthesizable structural version (rv8_synth.v) - 8 modules, FPGA-ready datapath
[2026-05-11] d7f1e74 Restructure: rtl/ tb/ doc/ directories. Clean README. 69 tests still pass.
[2026-05-11] 284c53a Rewrite architecture doc to match verified Verilog (17 states, 23 chips, 730 gates)
[2026-05-11] 452eb04 Mark historical docs, point to verified sources of truth
[2026-05-11] b171c37 Add cross-assembler (tools/rv8asm.py) - Python, Intel HEX output, labels, all 66 opcodes
[2026-05-11] 5970eb4 Fix docs: ISA ref now shows 68 instructions (added RTI/TRAP), consistent counts across all docs
[2026-05-11] bca4d01 Rewrite ISA reference: clean, complete, 68 instructions, matches Verilog exactly
[2026-05-11] 4f449bb Add circuit diagram (doc/06_circuit.md) - all 27 chips, pin connections, layout
[2026-05-11] c1ef2e9 Add RV801-A/B circuit diagrams (doc/07_rv801_circuit.md) - chip lists, connections, build notes
[2026-05-11] 533de77 Task 1 DONE: Fibonacci demo runs correctly (0,1,1,2,3,5,8,13,21,34,55)
[2026-05-11] 9fe597e Add rv8_cpu.v implementation and reference designs
[2026-05-11] 5ab13bb Move RV801 docs to rv801/ folder
[2026-05-12] 1b6e906 Fix pin count: 74HC157 ×3 (2 addr mux + 1 clock mux = 27 chips)
[2026-05-12] abbabb3 Add Pico in-circuit ROM programmer
[2026-05-12] c38acd0 Add UART, serial pins, sync, and bootloader
[2026-05-12] 492093d Separate CPU board from trainer board
[2026-05-12] 5654993 Trainer board: ESP32 NodeMCU + 74HCT245 level shift
[2026-05-12] 0469952 CPU board: 40-pin expansion connector (6 pins reserved N/A)
[2026-05-12] be7ec5e Rebrand: RV8 — Minimal 8-bit CPU, RISC-inspired, accumulator-based
[2026-05-12] bf5a23e Rename: RV8 — Accumulator-based, RISC-inspired
[2026-05-12] 6990ea2 Rewrite README: was showing old RISC-V content, now accurate RV8 docs
[2026-05-12] f7d839e Add step-by-step build guide (8 steps, module-by-module with tests)
[2026-05-12] 37de739 Add lab sheets (8 labs): step-by-step CPU build with test procedures
[2026-05-12] 8622e65 Add simulation for all labs (Icarus Verilog)
[2026-05-12] c67d9ae Fix: add SYNC to circuit signal table, update .gitignore for sim binaries
[2026-05-12] 732b5ae Add beginner-friendly README for sim labs
[2026-05-12] cedde99 Add KiCad CPU board schematic (27 chips, 390 nets)
[2026-05-12] fd57606 Fix: all .v files now standard Verilog-2001/2005
[2026-05-12] 561369e Add Yosys-generated circuit diagrams (SVG)
[2026-05-12] e3f6c21 Fix KiCad schematic: verify all nets match circuit design
[2026-05-12] c09ceed Optimize KiCad: labels at pin endpoints, 364/364 connected
